      31.009      31.917      37.403      45.597      62.008
      34.823      35.627      38.725      44.540      57.578
      35.705      36.185      38.725      45.068      57.912
     281.498     282.173      39.782      44.540      54.966
     285.132     285.833      37.932      44.275      52.962
     465.146     466.041      37.667      45.333      65.822
     466.210     466.936      38.989      45.068      55.668
     469.141     469.946      38.989      45.068      56.708
     470.348     471.827      37.667      45.068      51.928
     640.903     642.097      37.932      42.161      48.672
     776.789     777.775      37.932      45.861      67.658
     777.878     778.592      39.782      46.654      53.726
     780.953     781.601      38.460      44.804      54.393
     781.822     782.341      38.989      45.597      53.515
     782.613     783.249      39.782      45.068      52.175
    1081.213    1082.173      36.610      45.333      70.017
    1082.394    1083.055      39.253      47.447      56.298
    1085.364    1085.727      37.932      45.597      52.871
    1085.844    1086.843      38.460      45.333      57.962
    1087.076    1088.023      38.989      46.126      51.041
    1333.819    1334.390      38.460      44.804      52.873
    2035.215    2036.174      37.667      46.390      69.831
    2036.161    2037.044      40.839      46.390      56.442
    2039.534    2040.442      38.196      45.333      53.478
    2040.637    2041.298      38.196      44.275      57.740
    2324.985    2325.763      39.253      44.804      55.384
    2326.360    2327.553      38.196      45.068      52.615
    2693.919    2694.801      36.610      45.333      66.328
    2694.892    2696.008      41.632      45.861      53.298
    2698.394    2700.210      37.932      44.540      53.332
    2981.264    2981.938      39.518      44.540      49.872
    2982.094    2982.768      38.725      44.540      52.391
    3234.954    3235.460      38.460      45.597      55.710
    3235.836    3237.017      37.139      45.068      59.262
    3664.157    3665.065      38.196      44.275      57.195
    3667.804    3668.199      37.932      45.068      57.576
    3668.303    3669.503      38.460      44.275      54.659
    3778.305    3779.161      37.667      44.540      54.709
    3896.828    3898.346      38.460      46.654      52.236
    3912.625    3913.144      39.253      44.011      47.065
    3913.430    3913.897      39.253      44.540      47.648
    4077.264    4077.874      38.460      45.861      51.233
    4077.861    4078.536      38.989      46.126      53.372
    4174.164    4175.253      38.460      43.482      50.883
    4164.668    4165.654      38.725      45.068      51.241
