      72.373      74.053      21.708      30.622      57.399
     108.044     109.789      22.859      30.909      57.759
     134.213     135.711      21.133      27.171      52.618
     180.253     182.806      21.996      32.059      59.790
     202.505     204.367      22.859      29.184      56.271
     219.436     221.493      22.283      29.184      54.571
     229.056     231.426      21.133      27.459      55.419
     241.069     242.788      23.721      29.184      50.354
     264.354     266.802      22.859      28.322      60.286
     290.437     292.287      22.283      30.047      59.340
     315.739     317.939      20.846      30.047      60.498
     332.544     334.810      20.558      30.047      59.493
     412.706     414.932      21.133      30.622      59.205
     437.562     439.346      20.271      28.034      58.381
     460.543     462.444      21.996      28.609      53.798
     472.333     474.807      21.421      30.334      57.888
     486.156     489.021      23.146      30.622      53.944
     502.987     505.592      21.133      32.059      48.690
     527.821     530.152      23.146      27.459      52.297
     544.340     546.853      21.133      28.609      49.626
     552.404     554.475      23.721      29.184      49.649
     570.593     572.442      23.434      29.759      52.857
     578.102     578.987      25.159      30.909      50.172
     579.586     580.941      21.996      32.347      50.606
     604.507     607.046      23.721      39.248      61.285
     621.221     623.682      21.708      32.635      54.726
     634.406     636.581      22.283      29.759      54.539
     649.398     650.908      23.721      30.334      51.508
     750.685     752.964      21.421      30.334      62.504
     794.693     796.828      21.133      32.059      55.747


     
