  1.4332504e+001  1.6090381e+001  1.9649123e+002  1.8035088e+003
  4.3072139e+001  4.4133499e+001  2.1052632e+002  2.4280702e+003
  4.3072139e+001  4.4133499e+001  2.1052632e+002  2.4280702e+003
  4.7404643e+001  4.7951907e+001  1.4035088e+002  2.0210526e+003
  6.9042289e+001  6.9523217e+001  6.3157895e+002  9.4035088e+002
  8.5899668e+001  8.8635987e+001  1.9649123e+002  2.7087719e+003
  9.0928690e+001  9.3167496e+001  1.6842105e+002  2.5263158e+003
  1.0275393e+002  1.0474398e+002  1.9649123e+002  2.4280702e+003
  1.0600435e+002  1.0820999e+002  2.1052632e+002  3.0035088e+003
  1.2349191e+002  1.2410551e+002  7.7192982e+001  9.6842105e+002
  1.2873652e+002  1.2976471e+002  1.4035088e+002  1.6631579e+003
  1.4148047e+002  1.4252525e+002  1.7543860e+002  6.8771930e+002
  4.4700327e+002  4.4877773e+002  4.9122807e+002  1.8105263e+003
  4.6168818e+002  4.6284904e+002  1.0807018e+003  2.2175439e+003
  5.0547342e+002  5.0628603e+002  2.0350877e+002  9.6842105e+002
  6.3523296e+002  6.3684158e+002  2.1052632e+002  3.1157895e+003
  6.3854971e+002  6.3947840e+002  2.2456140e+002  2.4701754e+003
  6.4580095e+002  6.4722715e+002  2.3859649e+002  2.2315789e+003
  6.5479349e+002  6.5547342e+002  2.1052632e+002  2.7649123e+003
  7.1859531e+002  7.1957375e+002  8.4210526e+001  8.5614035e+002
  7.4642172e+002  7.4725091e+002  7.3684211e+001  8.3157895e+002
  7.8387197e+002  7.8475091e+002  7.3684211e+001  5.4736842e+002
  8.0242090e+002  8.0311741e+002  8.7719298e+001  5.1578947e+002
  8.4811741e+002  8.4874760e+002  7.0175439e+001  2.5614035e+002
  8.8609834e+002  8.8744163e+002  1.8947368e+002  1.7964912e+003
  8.8917048e+002  8.9126003e+002  1.6842105e+002  1.4175439e+003
  9.3294328e+002  9.3423682e+002  7.0175439e+001  8.2456140e+002
  9.5343250e+002  9.5502454e+002  2.2456140e+002  6.1754386e+002
  9.8547065e+002  9.8641592e+002  7.7192982e+001  9.7192982e+002
